<?xml version="1.0" encoding="UTF-8"?>
<testsuite xmlns:xsi="http://www.w3.org/2001/XMLSchema-instance" xsi:noNamespaceSchemaLocation="https://maven.apache.org/surefire/maven-surefire-plugin/xsd/surefire-test-report.xsd" name="BookingTest" time="22.957" tests="11" errors="0" skipped="0" failures="0">
  <properties>
[...]
</properties>
  <testcase name="auth_returnOK" classname="BookingTest" time="5.618"/>
  <testcase name="createBooking_WithValidData_returnOK" classname="BookingTest" time="3.916"/>
  <testcase name="getBookingById_returnOK" classname="BookingTest" time="0.872"/>
  <testcase name="updateBooking_returnOK" classname="BookingTest" time="0.896"/>
  <testcase name="partialUpdateBooking_returnOK" classname="BookingTest" time="0.864"/>
  <testcase name="deleteBooking_returnForbbiden" classname="BookingTest" time="0.841"/>
  <testcase name="deleteBooking_returnOK" classname="BookingTest" time="1.858"/>
  <testcase name="deleteBooking_returnNotAllowed" classname="BookingTest" time="0.927"/>
  <testcase name="getBookingById_returnNotFound" classname="BookingTest" time="0.811"/>
  <testcase name="getAllBookingsById_returnOK" classname="BookingTest" time="2.715"/>
  <testcase name="getAllBookingsByUserFirstName_returnOK" classname="BookingTest" time="0.86"/>
</testsuite>